        
1) Received request at Url = /authenticator?apiKey=123-123-123 
Date and Time of Login = Thu May 16 2024 13:25:18 GMT+0530 (India Standard Time)

2) Received request at Url = /authenticator?apiKey=123-123-123 
Date and Time of Login = Thu May 16 2024 13:25:33 GMT+0530 (India Standard Time)

3) Received request at Url = /authenticator?apiKey=123-123-31 
Date and Time of Login = Thu May 16 2024 13:25:37 GMT+0530 (India Standard Time)

4) Received request at Url = /authenticator 
Date and Time of Login = Thu May 16 2024 13:25:44 GMT+0530 (India Standard Time)

1) Received request at Url = /authenticator 
Date and Time of Login = Thu May 16 2024 13:26:13 GMT+0530 (India Standard Time)

1) Received request at Url = /authenticator 
Date and Time of Login = Thu May 16 2024 13:32:01 GMT+0530 (India Standard Time)

2) Received request at Url = /authenticator?apiKey=123-123-123 
Date and Time of Login = Thu May 16 2024 13:32:12 GMT+0530 (India Standard Time)

1) Received request at Url = /authenticator?apiKey=123-123-123 
Date and Time of Login = Thu May 16 2024 13:32:29 GMT+0530 (India Standard Time)

2) Received request at Url = /authenticator?apiKey=123-123-123 
Date and Time of Login = Thu May 16 2024 13:32:33 GMT+0530 (India Standard Time)

3) Received request at Url = /authenticator?apiKey=123-123-123 
Date and Time of Login = Thu May 16 2024 13:32:36 GMT+0530 (India Standard Time)

4) Received request at Url = /authenticator:id 
Date and Time of Login = Thu May 16 2024 13:33:42 GMT+0530 (India Standard Time)

1) Received request at Url = /authenticator:id 
Date and Time of Login = Thu May 16 2024 13:33:53 GMT+0530 (India Standard Time)

2) Received request at Url = /authenticator/:id 
Date and Time of Login = Thu May 16 2024 13:34:01 GMT+0530 (India Standard Time)

3) Received request at Url = /authenticator/:id 
Date and Time of Login = Thu May 16 2024 13:34:28 GMT+0530 (India Standard Time)

1) Received request at Url = /authenticator/:id 
Date and Time of Login = Thu May 16 2024 13:34:36 GMT+0530 (India Standard Time)

2) Received request at Url = /authenticator/:id 
Date and Time of Login = Thu May 16 2024 13:34:38 GMT+0530 (India Standard Time)

1) Received request at Url = /authenticator/:id 
Date and Time of Login = Thu May 16 2024 13:37:38 GMT+0530 (India Standard Time)

2) Received request at Url = /authenticator/ 
Date and Time of Login = Thu May 16 2024 13:37:47 GMT+0530 (India Standard Time)

3) Received request at Url = /authenticator/ 
Date and Time of Login = Thu May 16 2024 13:37:48 GMT+0530 (India Standard Time)

4) Received request at Url = /authenticator/:id?apiKey=123-123-123 
Date and Time of Login = Thu May 16 2024 13:38:28 GMT+0530 (India Standard Time)

5) Received request at Url = /authenticator/:id?apiKey=123-123-121 
Date and Time of Login = Thu May 16 2024 13:38:45 GMT+0530 (India Standard Time)

1) Received request at Url = /authenticator/:id?apiKey=123-123-121 
Date and Time of Login = Thu May 16 2024 13:40:56 GMT+0530 (India Standard Time)

2) Received request at Url = /authenticator/:id?apiKey=123-123-123 
Date and Time of Login = Thu May 16 2024 13:41:01 GMT+0530 (India Standard Time)

3) Received request at Url = /authenticator/:id?apiKey 
Date and Time of Login = Thu May 16 2024 13:41:05 GMT+0530 (India Standard Time)

1) Received request at Url = /authenticator/:id?apiKey 
Date and Time of Login = Thu May 16 2024 14:05:13 GMT+0530 (India Standard Time)

2) Received request at Url = /authenticator/:id?apiKey=123-123-123 
Date and Time of Login = Thu May 16 2024 14:05:18 GMT+0530 (India Standard Time)

1) Received request at Url = /authenticator/:id?apiKey=123-123-123 
Date and Time of Login = Thu May 16 2024 14:08:50 GMT+0530 (India Standard Time)

2) Received request at Url = /authenticator/:id?apiKey=123-123-122 
Date and Time of Login = Thu May 16 2024 14:08:56 GMT+0530 (India Standard Time)

1) Received request at Url = /authenticator/:id?apiKey=123-123-122 
Date and Time of Login = Thu May 16 2024 14:10:40 GMT+0530 (India Standard Time)

2) Received request at Url = /authenticator/:id?apiKey=123-123-1222 
Date and Time of Login = Thu May 16 2024 14:10:44 GMT+0530 (India Standard Time)

3) Received request at Url = /authenticator/:id?apiKey=123-123-123 
Date and Time of Login = Thu May 16 2024 14:10:47 GMT+0530 (India Standard Time)

1) Received request at Url = /authenticator/:id?apiKey=123-123-123 
Date and Time of Login = Thu May 16 2024 14:11:16 GMT+0530 (India Standard Time)

1) Received request at Url = /authenticator/:id?apiKey=123-123-123 
Date and Time of Login = Thu May 16 2024 14:11:53 GMT+0530 (India Standard Time)

1) Received request at Url = /authenticator/:id?apiKey=123-123-123 
Date and Time of Login = Thu May 16 2024 14:13:46 GMT+0530 (India Standard Time)

1) Received request at Url = /authenticator/:id?apiKey=123-123-123 
Date and Time of Login = Thu May 16 2024 14:29:51 GMT+0530 (India Standard Time)

1) Received request at Url = /authenticator/:id?apiKey=123-123-123 
Date and Time of Login = Thu May 16 2024 14:30:21 GMT+0530 (India Standard Time)

1) Received request at Url = /authenticator?apiKey=123-123-123 
Date and Time of Login = Thu May 16 2024 14:32:46 GMT+0530 (India Standard Time)

1) Received request at Url = /authenticator?apiKey=123-123-123 
Date and Time of Login = Thu May 16 2024 14:35:02 GMT+0530 (India Standard Time)

1) Received request at Url = /authenticator?apiKey=123-123-123 
Date and Time of Login = Thu May 16 2024 14:35:22 GMT+0530 (India Standard Time)

2) Received request at Url = /authenticator?apiKey=123-123-123 
Date and Time of Login = Thu May 16 2024 14:35:25 GMT+0530 (India Standard Time)

1) Received request at Url = /authenticator?apiKey=123-123-123 
Date and Time of Login = Thu May 16 2024 14:37:10 GMT+0530 (India Standard Time)

3) Received request at Url = /authenticator?apiKey=123-123-123 
Date and Time of Login = Thu May 16 2024 14:37:11 GMT+0530 (India Standard Time)

5) Received request at Url = /authenticator?apiKey=123-123-123 
Date and Time of Login = Thu May 16 2024 14:37:15 GMT+0530 (India Standard Time)
    
7) Received request at Url = /authenticator?apiKey=123-123-123 
Date and Time of Login = Thu May 16 2024 14:37:21 GMT+0530 (India Standard Time)

9) Received request at Url = /authenticator?apiKey=123-123-123 
Date and Time of Login = Thu May 16 2024 14:37:31 GMT+0530 (India Standard Time)

11) Received request at Url = /authenticator?apiKey=123-123-123 
Date and Time of Login = Thu May 16 2024 14:37:37 GMT+0530 (India Standard Time)

13) Received request at Url = /authenticator?apiKey=123-123-123 
Date and Time of Login = Thu May 16 2024 14:37:38 GMT+0530 (India Standard Time)

1) Received request at Url = /authenticator?apiKey=123-123-123 
Date and Time of Login = Thu May 16 2024 14:38:11 GMT+0530 (India Standard Time)

2) Received request at Url = /authenticator?apiKey=123-123-123 
Date and Time of Login = Thu May 16 2024 14:38:14 GMT+0530 (India Standard Time)

3) Received request at Url = /authenticator?apiKey=123-123-123 
Date and Time of Login = Thu May 16 2024 14:38:16 GMT+0530 (India Standard Time)

4) Received request at Url = /authenticator?apiKey=123-123-123 
Date and Time of Login = Thu May 16 2024 14:38:21 GMT+0530 (India Standard Time)

5) Received request at Url = /authenticator?apiKey=123-123-123 
Date and Time of Login = Thu May 16 2024 14:38:22 GMT+0530 (India Standard Time)

6) Received request at Url = /authenticator?apiKey=123-123-123 
Date and Time of Login = Thu May 16 2024 14:38:22 GMT+0530 (India Standard Time)

7) Received request at Url = /authenticator?apiKey=123-123-123 
Date and Time of Login = Thu May 16 2024 14:38:22 GMT+0530 (India Standard Time)

8) Received request at Url = /authenticator?apiKey=123-123-123 
Date and Time of Login = Thu May 16 2024 14:38:23 GMT+0530 (India Standard Time)

9) Received request at Url = /authenticator?apiKey=123-123-123 
Date and Time of Login = Thu May 16 2024 14:38:23 GMT+0530 (India Standard Time)

10) Received request at Url = /authenticator?apiKey=123-123-123 
Date and Time of Login = Thu May 16 2024 14:38:24 GMT+0530 (India Standard Time)

11) Received request at Url = /authenticator?apiKey=123-123-123 
Date and Time of Login = Thu May 16 2024 14:38:24 GMT+0530 (India Standard Time)

12) Received request at Url = /authenticator?apiKey=123-123-123 
Date and Time of Login = Thu May 16 2024 14:38:25 GMT+0530 (India Standard Time)

1) Received request at Url = /authenticator?apiKey=123-123-123 
Date and Time of Login = Thu May 16 2024 14:39:09 GMT+0530 (India Standard Time)

1) Received request at Url = /authenticator?apiKey=123-123-123 
Date and Time of Login = Thu May 16 2024 14:40:03 GMT+0530 (India Standard Time)

2) Received request at Url = /authenticator?apiKey=123-123-123 
Date and Time of Login = Thu May 16 2024 14:40:05 GMT+0530 (India Standard Time)

3) Received request at Url = /authenticator?apiKey 
Date and Time of Login = Thu May 16 2024 14:40:16 GMT+0530 (India Standard Time)

1) Received request at Url = /authenticator?apiKey 
Date and Time of Login = Thu May 16 2024 14:41:19 GMT+0530 (India Standard Time)

2) Received request at Url = /authenticator?apiKey=12 
Date and Time of Login = Thu May 16 2024 14:42:30 GMT+0530 (India Standard Time)

3) Received request at Url = /authenticator?apiKey=12 
Date and Time of Login = Thu May 16 2024 14:42:46 GMT+0530 (India Standard Time)

1) Received request at Url = /authenticator?apiKey=12 
Date and Time of Login = Thu May 16 2024 14:42:55 GMT+0530 (India Standard Time)

1) Received request at Url = /authenticator:id?apiKey=12 
Date and Time of Login = Thu May 16 2024 14:50:42 GMT+0530 (India Standard Time)

2) Received request at Url = /authenticator:id?apiKey=123-123-123 
Date and Time of Login = Thu May 16 2024 14:50:49 GMT+0530 (India Standard Time)

1) Received request at Url = /authenticator:id?apiKey=123-123-123 
Date and Time of Login = Thu May 16 2024 16:35:13 GMT+0530 (India Standard Time)

1) Received request at Url = /authenticator:id?apiKey=123-123-123 
Date and Time of Login = Thu May 16 2024 16:37:37 GMT+0530 (India Standard Time)

1) Received request at Url = /authenticator:id?apiKey=123-123-123 
Date and Time of Login = Thu May 16 2024 16:39:17 GMT+0530 (India Standard Time)

1) Received request at Url = /authenticator:id?apiKey=123-123-123 
Date and Time of Login = Thu May 16 2024 16:42:33 GMT+0530 (India Standard Time)

1) Received request at Url = /authenticator:id?apiKey=123-123-123 
Date and Time of Login = Thu May 16 2024 16:45:04 GMT+0530 (India Standard Time)

1) Received request at Url = /authenticator:id?apiKey=123-123-123 
Date and Time of Login = Thu May 16 2024 16:46:25 GMT+0530 (India Standard Time)

1) Received request at Url = /authenticator:id?apiKey=123-123-123 
Date and Time of Login = 1715858955467

1) Received request at Url = /authenticator/registration 
Date and Time of Login = 1715872599712

2) Received request at Url = /authenticator/registration?apiKey=123-123-123 
Date and Time of Login = 1715872611638

3) Received request at Url = /authenticator/registration?apiKey=123-123-123 
Date and Time of Login = 1715872629740

4) Received request at Url = /authenticator/registration 
Date and Time of Login = 1715872635590

5) Received request at Url = /authenticator/registration?apiKey=123-123-23 
Date and Time of Login = 1715872640523

6) Received request at Url = /authenticator/registration?apiKey=123-123-23 
Date and Time of Login = 1715872806753

7) Received request at Url = /authenticator/registration?apiKey=123-123-123 
Date and Time of Login = 1715872811430

8) Received request at Url = /authenticator/registration?apiKey=123-123-123 
Date and Time of Login = 1715872927232

1) Received request at Url = /authenticator/registration?apiKey=123-123-123 
Date and Time of Login = 1715873114031

1) Received request at Url = /authenticator:id?apiKey=123-123-123 
Date and Time of Login = 1715873128677

1) Received request at Url = /authenticator/registration?apiKey=123-123-123 
Date and Time of Login = 1715873216956

1) Received request at Url = /authenticator/registration?apiKey=123-123-123 
Date and Time of Login = 1715873257630

1) Received request at Url = /authenticator/registration?apiKey=123-123-123 
Date and Time of Login = 1715873259829

1) Received request at Url = /authenticator/registration?apiKey=123-123-123 
Date and Time of Login = 1715873260176

1) Received request at Url = /authenticator:id?apiKey=123-123-123 
Date and Time of Login = 1715873264495

1) Received request at Url = /authenticator/registration?apiKey=123-123-123 
Date and Time of Login = 1715873267941

1) Received request at Url = /authenticator/registration?apiKey=123-123-123 
Date and Time of Login = 1715873396326

1) Received request at Url = /authenticator/registration?apiKey=123-123-123 
Date and Time of Login = 1715873430025

1) Received request at Url = /authenticator/registration?apiKey=123-123-123 
Date and Time of Login = 1715873443465

1) Received request at Url = /authenticator/registration 
Date and Time of Login = 1715873471813

1) Received request at Url = /authenticator/registration 
Date and Time of Login = 1715873473696

1) Received request at Url = /authenticator/registration 
Date and Time of Login = 1715873490169

1) Received request at Url = /authenticator/registration 
Date and Time of Login = 1715873508270

1) Received request at Url = / 
Date and Time of Login = 1716013925897

1) Received request at Url = /authenticator 
Date and Time of Login = 1716013939532

1) Received request at Url = /authenticator/registration 
Date and Time of Login = 1716013953147

1) Received request at Url = / 
Date and Time of Login = 1716016189752

1) Received request at Url = / 
Date and Time of Login = 1716016193361

1) Received request at Url = //authenticator/registration 
Date and Time of Login = 1716016247904

2) Received request at Url = //authenticator/registration?apiKey=123-123-123 
Date and Time of Login = 1716016262771

3) Received request at Url = /authenticator/registration?apiKey=123-123-123 
Date and Time of Login = 1716016268941

4) Received request at Url = /authenticator/registration?apiKey=123-123-123 
Date and Time of Login = 1716016316608

5) Received request at Url = /authenticator/registration:id?apiKey=123-123-123 
Date and Time of Login = 1716016354844

1) Received request at Url = /authenticator/registration:id?apiKey=123-123-123 
Date and Time of Login = 1716033304592

2) Received request at Url = /authenticator/registration:id?apiKey=123-123-123 
Date and Time of Login = 1716033476618

1) Received request at Url = /authenticator/registration:id?apiKey=123-123-123 
Date and Time of Login = 1716034299466
